<?xml version="1.0" encoding="UTF-8"?>
<coverage generated="1600843765521" clover="3.2.0">
  <project timestamp="1600843765521" name="All files">
    <metrics statements="3" coveredstatements="3" conditionals="0" coveredconditionals="0" methods="2" coveredmethods="2" elements="5" coveredelements="5" complexity="0" loc="3" ncloc="3" packages="1" files="2" classes="2"/>
    <file name="index.ts" path="D:\Tavisca-assignments\button-component\packages\button\src\index.ts">
      <metrics statements="0" coveredstatements="0" conditionals="0" coveredconditionals="0" methods="0" coveredmethods="0"/>
    </file>
    <file name="orxe-button.ts" path="D:\Tavisca-assignments\button-component\packages\button\src\orxe-button.ts">
      <metrics statements="3" coveredstatements="3" conditionals="0" coveredconditionals="0" methods="2" coveredmethods="2"/>
      <line num="10" count="4" type="stmt"/>
      <line num="153" count="1" type="stmt"/>
      <line num="159" count="2" type="stmt"/>
    </file>
  </project>
</coverage>
