{"D:\\Tavisca-assignments\\button-component\\packages\\button\\src\\index.ts": {"path":"D:\\Tavisca-assignments\\button-component\\packages\\button\\src\\index.ts","statementMap":{},"fnMap":{},"branchMap":{},"s":{},"f":{},"b":{},"_coverageSchema":"1a1c01bbd47fc00a2c39e90264f33305004495a9","hash":"58d044648d067ec7c5c8b8309e5c11eca9950d8d"}
,"D:\\Tavisca-assignments\\button-component\\packages\\button\\src\\orxe-button.ts": {"path":"D:\\Tavisca-assignments\\button-component\\packages\\button\\src\\orxe-button.ts","statementMap":{"0":{"start":{"line":10,"column":4},"end":{"line":146,"column":6}},"1":{"start":{"line":153,"column":4},"end":{"line":153,"column":27}},"2":{"start":{"line":159,"column":18},"end":{"line":159,"column":24}}},"fnMap":{"0":{"name":"(anonymous_0)","decl":{"start":{"line":9,"column":2},"end":{"line":9,"column":3}},"loc":{"start":{"line":9,"column":11},"end":{"line":147,"column":3}},"line":9},"1":{"name":"(anonymous_1)","decl":{"start":{"line":152,"column":2},"end":{"line":152,"column":3}},"loc":{"start":{"line":152,"column":12},"end":{"line":154,"column":3}},"line":152}},"branchMap":{},"s":{"0":4,"1":1,"2":2},"f":{"0":4,"1":1},"b":{},"_coverageSchema":"1a1c01bbd47fc00a2c39e90264f33305004495a9","hash":"68b6f77b2f829a450d4cc6994c4200a0b115ff2e"}
}
